<?xml version="1.0" encoding="UTF-8"?>
<testsuite xmlns:xsi="http://www.w3.org/2001/XMLSchema-instance" xsi:noNamespaceSchemaLocation="https://maven.apache.org/surefire/maven-surefire-plugin/xsd/surefire-test-report-3.0.xsd" version="3.0" name="com.example.TaskServiceTest" time="2.145" tests="4" errors="0" skipped="0" failures="0">
  <properties>
[...]
</properties>
  <testcase name="testAddTask" classname="com.example.TaskServiceTest" time="1.814"/>
  <testcase name="testGetAllTasks" classname="com.example.TaskServiceTest" time="0.003"/>
  <testcase name="testUpdateTask" classname="com.example.TaskServiceTest" time="0.007"/>
  <testcase name="testRemoveTask" classname="com.example.TaskServiceTest" time="0.005"/>
</testsuite>